have_func: checking for labs() in stdlib.h... -------------------- yes

"gcc -o conftest -I/home/myupchar/.rvm/rubies/ruby-2.3.0/include/ruby-2.3.0/x86_64-linux -I/home/myupchar/.rvm/rubies/ruby-2.3.0/include/ruby-2.3.0/ruby/backward -I/home/myupchar/.rvm/rubies/ruby-2.3.0/include/ruby-2.3.0 -I.     -O3 -fno-fast-math -ggdb3 -Wall -Wextra -Wno-unused-parameter -Wno-parentheses -Wno-long-long -Wno-missing-field-initializers -Wunused-variable -Wpointer-arith -Wwrite-strings -Wdeclaration-after-statement -Wimplicit-function-declaration -Wdeprecated-declarations -Wno-packed-bitfield-compat  -fPIC conftest.c  -L. -L/home/myupchar/.rvm/rubies/ruby-2.3.0/lib -Wl,-R/home/myupchar/.rvm/rubies/ruby-2.3.0/lib -L. -fstack-protector -rdynamic -Wl,-export-dynamic     -Wl,-rpath,'/../lib' -Wl,-R'/../lib' -lruby  -lpthread -lgmp -ldl -lcrypt -lm   -lc"
checked program was:
/* begin */
1: #include "ruby.h"
2: 
3: int main(int argc, char **argv)
4: {
5:   return 0;
6: }
/* end */

"gcc -o conftest -I/home/myupchar/.rvm/rubies/ruby-2.3.0/include/ruby-2.3.0/x86_64-linux -I/home/myupchar/.rvm/rubies/ruby-2.3.0/include/ruby-2.3.0/ruby/backward -I/home/myupchar/.rvm/rubies/ruby-2.3.0/include/ruby-2.3.0 -I.     -O3 -fno-fast-math -ggdb3 -Wall -Wextra -Wno-unused-parameter -Wno-parentheses -Wno-long-long -Wno-missing-field-initializers -Wunused-variable -Wpointer-arith -Wwrite-strings -Wdeclaration-after-statement -Wimplicit-function-declaration -Wdeprecated-declarations -Wno-packed-bitfield-compat  -fPIC conftest.c  -L. -L/home/myupchar/.rvm/rubies/ruby-2.3.0/lib -Wl,-R/home/myupchar/.rvm/rubies/ruby-2.3.0/lib -L. -fstack-protector -rdynamic -Wl,-export-dynamic     -Wl,-rpath,'/../lib' -Wl,-R'/../lib' -lruby  -lpthread -lgmp -ldl -lcrypt -lm   -lc"
checked program was:
/* begin */
 1: #include "ruby.h"
 2: 
 3: #include <stdlib.h>
 4: 
 5: /*top*/
 6: extern int t(void);
 7: int main(int argc, char **argv)
 8: {
 9:   if (argc > 1000000) {
10:     printf("%p", &t);
11:   }
12: 
13:   return 0;
14: }
15: int t(void) { void ((*volatile p)()); p = (void ((*)()))labs; return !p; }
/* end */

--------------------

have_func: checking for llabs() in stdlib.h... -------------------- yes

"gcc -o conftest -I/home/myupchar/.rvm/rubies/ruby-2.3.0/include/ruby-2.3.0/x86_64-linux -I/home/myupchar/.rvm/rubies/ruby-2.3.0/include/ruby-2.3.0/ruby/backward -I/home/myupchar/.rvm/rubies/ruby-2.3.0/include/ruby-2.3.0 -I.     -O3 -fno-fast-math -ggdb3 -Wall -Wextra -Wno-unused-parameter -Wno-parentheses -Wno-long-long -Wno-missing-field-initializers -Wunused-variable -Wpointer-arith -Wwrite-strings -Wdeclaration-after-statement -Wimplicit-function-declaration -Wdeprecated-declarations -Wno-packed-bitfield-compat  -fPIC conftest.c  -L. -L/home/myupchar/.rvm/rubies/ruby-2.3.0/lib -Wl,-R/home/myupchar/.rvm/rubies/ruby-2.3.0/lib -L. -fstack-protector -rdynamic -Wl,-export-dynamic     -Wl,-rpath,'/../lib' -Wl,-R'/../lib' -lruby  -lpthread -lgmp -ldl -lcrypt -lm   -lc"
checked program was:
/* begin */
 1: #include "ruby.h"
 2: 
 3: #include <stdlib.h>
 4: 
 5: /*top*/
 6: extern int t(void);
 7: int main(int argc, char **argv)
 8: {
 9:   if (argc > 1000000) {
10:     printf("%p", &t);
11:   }
12: 
13:   return 0;
14: }
15: int t(void) { void ((*volatile p)()); p = (void ((*)()))llabs; return !p; }
/* end */

--------------------

have_func: checking for finite() in math.h... -------------------- yes

"gcc -o conftest -I/home/myupchar/.rvm/rubies/ruby-2.3.0/include/ruby-2.3.0/x86_64-linux -I/home/myupchar/.rvm/rubies/ruby-2.3.0/include/ruby-2.3.0/ruby/backward -I/home/myupchar/.rvm/rubies/ruby-2.3.0/include/ruby-2.3.0 -I.     -O3 -fno-fast-math -ggdb3 -Wall -Wextra -Wno-unused-parameter -Wno-parentheses -Wno-long-long -Wno-missing-field-initializers -Wunused-variable -Wpointer-arith -Wwrite-strings -Wdeclaration-after-statement -Wimplicit-function-declaration -Wdeprecated-declarations -Wno-packed-bitfield-compat  -fPIC conftest.c  -L. -L/home/myupchar/.rvm/rubies/ruby-2.3.0/lib -Wl,-R/home/myupchar/.rvm/rubies/ruby-2.3.0/lib -L. -fstack-protector -rdynamic -Wl,-export-dynamic     -Wl,-rpath,'/../lib' -Wl,-R'/../lib' -lruby  -lpthread -lgmp -ldl -lcrypt -lm   -lc"
checked program was:
/* begin */
 1: #include "ruby.h"
 2: 
 3: #include <math.h>
 4: 
 5: /*top*/
 6: extern int t(void);
 7: int main(int argc, char **argv)
 8: {
 9:   if (argc > 1000000) {
10:     printf("%p", &t);
11:   }
12: 
13:   return 0;
14: }
15: int t(void) { void ((*volatile p)()); p = (void ((*)()))finite; return !p; }
/* end */

--------------------

have_func: checking for isfinite() in math.h... -------------------- no

"gcc -o conftest -I/home/myupchar/.rvm/rubies/ruby-2.3.0/include/ruby-2.3.0/x86_64-linux -I/home/myupchar/.rvm/rubies/ruby-2.3.0/include/ruby-2.3.0/ruby/backward -I/home/myupchar/.rvm/rubies/ruby-2.3.0/include/ruby-2.3.0 -I.     -O3 -fno-fast-math -ggdb3 -Wall -Wextra -Wno-unused-parameter -Wno-parentheses -Wno-long-long -Wno-missing-field-initializers -Wunused-variable -Wpointer-arith -Wwrite-strings -Wdeclaration-after-statement -Wimplicit-function-declaration -Wdeprecated-declarations -Wno-packed-bitfield-compat  -fPIC conftest.c  -L. -L/home/myupchar/.rvm/rubies/ruby-2.3.0/lib -Wl,-R/home/myupchar/.rvm/rubies/ruby-2.3.0/lib -L. -fstack-protector -rdynamic -Wl,-export-dynamic     -Wl,-rpath,'/../lib' -Wl,-R'/../lib' -lruby  -lpthread -lgmp -ldl -lcrypt -lm   -lc"
conftest.c: In function ‘t’:
conftest.c:15:57: error: ‘isfinite’ undeclared (first use in this function); did you mean ‘finite’?
 int t(void) { void ((*volatile p)()); p = (void ((*)()))isfinite; return !p; }
                                                         ^~~~~~~~
                                                         finite
conftest.c:15:57: note: each undeclared identifier is reported only once for each function it appears in
checked program was:
/* begin */
 1: #include "ruby.h"
 2: 
 3: #include <math.h>
 4: 
 5: /*top*/
 6: extern int t(void);
 7: int main(int argc, char **argv)
 8: {
 9:   if (argc > 1000000) {
10:     printf("%p", &t);
11:   }
12: 
13:   return 0;
14: }
15: int t(void) { void ((*volatile p)()); p = (void ((*)()))isfinite; return !p; }
/* end */

"gcc -o conftest -I/home/myupchar/.rvm/rubies/ruby-2.3.0/include/ruby-2.3.0/x86_64-linux -I/home/myupchar/.rvm/rubies/ruby-2.3.0/include/ruby-2.3.0/ruby/backward -I/home/myupchar/.rvm/rubies/ruby-2.3.0/include/ruby-2.3.0 -I.     -O3 -fno-fast-math -ggdb3 -Wall -Wextra -Wno-unused-parameter -Wno-parentheses -Wno-long-long -Wno-missing-field-initializers -Wunused-variable -Wpointer-arith -Wwrite-strings -Wdeclaration-after-statement -Wimplicit-function-declaration -Wdeprecated-declarations -Wno-packed-bitfield-compat  -fPIC conftest.c  -L. -L/home/myupchar/.rvm/rubies/ruby-2.3.0/lib -Wl,-R/home/myupchar/.rvm/rubies/ruby-2.3.0/lib -L. -fstack-protector -rdynamic -Wl,-export-dynamic     -Wl,-rpath,'/../lib' -Wl,-R'/../lib' -lruby  -lpthread -lgmp -ldl -lcrypt -lm   -lc"
In file included from /home/myupchar/.rvm/rubies/ruby-2.3.0/include/ruby-2.3.0/ruby/missing.h:27:0,
                 from /home/myupchar/.rvm/rubies/ruby-2.3.0/include/ruby-2.3.0/ruby/defines.h:68,
                 from /home/myupchar/.rvm/rubies/ruby-2.3.0/include/ruby-2.3.0/ruby/ruby.h:29,
                 from /home/myupchar/.rvm/rubies/ruby-2.3.0/include/ruby-2.3.0/ruby.h:33,
                 from conftest.c:1:
conftest.c:15:13: warning: conflicting types for built-in function ‘__builtin_isfinite’ [-Wbuiltin-declaration-mismatch]
 extern void isfinite();
             ^
/tmp/ccppWA1E.o: In function `t':
/home/myupchar/odishatimes/vendor/bundle/gems/bigdecimal-1.3.5/ext/bigdecimal/conftest.c:16: undefined reference to `__builtin_isfinite'
collect2: error: ld returned 1 exit status
checked program was:
/* begin */
 1: #include "ruby.h"
 2: 
 3: #include <math.h>
 4: 
 5: /*top*/
 6: extern int t(void);
 7: int main(int argc, char **argv)
 8: {
 9:   if (argc > 1000000) {
10:     printf("%p", &t);
11:   }
12: 
13:   return 0;
14: }
15: extern void isfinite();
16: int t(void) { isfinite(); return 0; }
/* end */

--------------------

have_type: checking for struct RRational in ruby.h... -------------------- no

"gcc -I/home/myupchar/.rvm/rubies/ruby-2.3.0/include/ruby-2.3.0/x86_64-linux -I/home/myupchar/.rvm/rubies/ruby-2.3.0/include/ruby-2.3.0/ruby/backward -I/home/myupchar/.rvm/rubies/ruby-2.3.0/include/ruby-2.3.0 -I.     -O3 -fno-fast-math -ggdb3 -Wall -Wextra -Wno-unused-parameter -Wno-parentheses -Wno-long-long -Wno-missing-field-initializers -Wunused-variable -Wpointer-arith -Wwrite-strings -Wdeclaration-after-statement -Wimplicit-function-declaration -Wdeprecated-declarations -Wno-packed-bitfield-compat  -fPIC   -c conftest.c"
conftest.c:7:24: error: invalid application of ‘sizeof’ to incomplete type ‘conftest_type {aka struct RRational}’
 int conftestval[sizeof(conftest_type)?1:-1];
                        ^~~~~~~~~~~~~
checked program was:
/* begin */
1: #include "ruby.h"
2: 
3: #include <ruby.h>
4: 
5: /*top*/
6: typedef struct RRational conftest_type;
7: int conftestval[sizeof(conftest_type)?1:-1];
/* end */

--------------------

have_func: checking for rb_rational_num() in ruby.h... -------------------- yes

"gcc -o conftest -I/home/myupchar/.rvm/rubies/ruby-2.3.0/include/ruby-2.3.0/x86_64-linux -I/home/myupchar/.rvm/rubies/ruby-2.3.0/include/ruby-2.3.0/ruby/backward -I/home/myupchar/.rvm/rubies/ruby-2.3.0/include/ruby-2.3.0 -I.     -O3 -fno-fast-math -ggdb3 -Wall -Wextra -Wno-unused-parameter -Wno-parentheses -Wno-long-long -Wno-missing-field-initializers -Wunused-variable -Wpointer-arith -Wwrite-strings -Wdeclaration-after-statement -Wimplicit-function-declaration -Wdeprecated-declarations -Wno-packed-bitfield-compat  -fPIC conftest.c  -L. -L/home/myupchar/.rvm/rubies/ruby-2.3.0/lib -Wl,-R/home/myupchar/.rvm/rubies/ruby-2.3.0/lib -L. -fstack-protector -rdynamic -Wl,-export-dynamic     -Wl,-rpath,'/../lib' -Wl,-R'/../lib' -lruby  -lpthread -lgmp -ldl -lcrypt -lm   -lc"
checked program was:
/* begin */
 1: #include "ruby.h"
 2: 
 3: #include <ruby.h>
 4: 
 5: /*top*/
 6: extern int t(void);
 7: int main(int argc, char **argv)
 8: {
 9:   if (argc > 1000000) {
10:     printf("%p", &t);
11:   }
12: 
13:   return 0;
14: }
15: int t(void) { void ((*volatile p)()); p = (void ((*)()))rb_rational_num; return !p; }
/* end */

--------------------

have_func: checking for rb_rational_den() in ruby.h... -------------------- yes

"gcc -o conftest -I/home/myupchar/.rvm/rubies/ruby-2.3.0/include/ruby-2.3.0/x86_64-linux -I/home/myupchar/.rvm/rubies/ruby-2.3.0/include/ruby-2.3.0/ruby/backward -I/home/myupchar/.rvm/rubies/ruby-2.3.0/include/ruby-2.3.0 -I.     -O3 -fno-fast-math -ggdb3 -Wall -Wextra -Wno-unused-parameter -Wno-parentheses -Wno-long-long -Wno-missing-field-initializers -Wunused-variable -Wpointer-arith -Wwrite-strings -Wdeclaration-after-statement -Wimplicit-function-declaration -Wdeprecated-declarations -Wno-packed-bitfield-compat  -fPIC conftest.c  -L. -L/home/myupchar/.rvm/rubies/ruby-2.3.0/lib -Wl,-R/home/myupchar/.rvm/rubies/ruby-2.3.0/lib -L. -fstack-protector -rdynamic -Wl,-export-dynamic     -Wl,-rpath,'/../lib' -Wl,-R'/../lib' -lruby  -lpthread -lgmp -ldl -lcrypt -lm   -lc"
checked program was:
/* begin */
 1: #include "ruby.h"
 2: 
 3: #include <ruby.h>
 4: 
 5: /*top*/
 6: extern int t(void);
 7: int main(int argc, char **argv)
 8: {
 9:   if (argc > 1000000) {
10:     printf("%p", &t);
11:   }
12: 
13:   return 0;
14: }
15: int t(void) { void ((*volatile p)()); p = (void ((*)()))rb_rational_den; return !p; }
/* end */

--------------------

have_func: checking for rb_array_const_ptr() in ruby.h... -------------------- yes

"gcc -o conftest -I/home/myupchar/.rvm/rubies/ruby-2.3.0/include/ruby-2.3.0/x86_64-linux -I/home/myupchar/.rvm/rubies/ruby-2.3.0/include/ruby-2.3.0/ruby/backward -I/home/myupchar/.rvm/rubies/ruby-2.3.0/include/ruby-2.3.0 -I.     -O3 -fno-fast-math -ggdb3 -Wall -Wextra -Wno-unused-parameter -Wno-parentheses -Wno-long-long -Wno-missing-field-initializers -Wunused-variable -Wpointer-arith -Wwrite-strings -Wdeclaration-after-statement -Wimplicit-function-declaration -Wdeprecated-declarations -Wno-packed-bitfield-compat  -fPIC conftest.c  -L. -L/home/myupchar/.rvm/rubies/ruby-2.3.0/lib -Wl,-R/home/myupchar/.rvm/rubies/ruby-2.3.0/lib -L. -fstack-protector -rdynamic -Wl,-export-dynamic     -Wl,-rpath,'/../lib' -Wl,-R'/../lib' -lruby  -lpthread -lgmp -ldl -lcrypt -lm   -lc"
checked program was:
/* begin */
 1: #include "ruby.h"
 2: 
 3: #include <ruby.h>
 4: 
 5: /*top*/
 6: extern int t(void);
 7: int main(int argc, char **argv)
 8: {
 9:   if (argc > 1000000) {
10:     printf("%p", &t);
11:   }
12: 
13:   return 0;
14: }
15: int t(void) { void ((*volatile p)()); p = (void ((*)()))rb_array_const_ptr; return !p; }
/* end */

--------------------

have_func: checking for rb_sym2str() in ruby.h... -------------------- yes

"gcc -o conftest -I/home/myupchar/.rvm/rubies/ruby-2.3.0/include/ruby-2.3.0/x86_64-linux -I/home/myupchar/.rvm/rubies/ruby-2.3.0/include/ruby-2.3.0/ruby/backward -I/home/myupchar/.rvm/rubies/ruby-2.3.0/include/ruby-2.3.0 -I.     -O3 -fno-fast-math -ggdb3 -Wall -Wextra -Wno-unused-parameter -Wno-parentheses -Wno-long-long -Wno-missing-field-initializers -Wunused-variable -Wpointer-arith -Wwrite-strings -Wdeclaration-after-statement -Wimplicit-function-declaration -Wdeprecated-declarations -Wno-packed-bitfield-compat  -fPIC conftest.c  -L. -L/home/myupchar/.rvm/rubies/ruby-2.3.0/lib -Wl,-R/home/myupchar/.rvm/rubies/ruby-2.3.0/lib -L. -fstack-protector -rdynamic -Wl,-export-dynamic     -Wl,-rpath,'/../lib' -Wl,-R'/../lib' -lruby  -lpthread -lgmp -ldl -lcrypt -lm   -lc"
checked program was:
/* begin */
 1: #include "ruby.h"
 2: 
 3: #include <ruby.h>
 4: 
 5: /*top*/
 6: extern int t(void);
 7: int main(int argc, char **argv)
 8: {
 9:   if (argc > 1000000) {
10:     printf("%p", &t);
11:   }
12: 
13:   return 0;
14: }
15: int t(void) { void ((*volatile p)()); p = (void ((*)()))rb_sym2str; return !p; }
/* end */

--------------------

